<?xml version="1.0" encoding="UTF-8" ?>

<testsuite failures="3" time="0.02" errors="1" skipped="0" tests="4" name="UserTest">
  <testcase classname="UserTest" name="shouldHaveAName" time="0">
      </testcase>
  <testcase classname="UserTest" name="shouldInitCalendar" time="0">
      </testcase>
  <testcase classname="UserTest" name="shouldParseDateCorrectly" time="0.001">
                        <error type="" message="A java.lang.NullPointerException has been caught, null">
        <![CDATA[
          In /test/UserTest.java, line 46
          
              		assertEquals("Wed Apr 12 14:40:00 CEST 1995", date.toString()); :
          
        ]]>
        </error>
                  <system-err>
            java.lang.NullPointerException
	at UserTest.shouldParseDateCorrectly(UserTest.java:46)
	at sun.reflect.NativeMethodAccessorImpl.invoke0(Native Method)
	at sun.reflect.NativeMethodAccessorImpl.invoke(NativeMethodAccessorImpl.java:39)
	at sun.reflect.DelegatingMethodAccessorImpl.invoke(DelegatingMethodAccessorImpl.java:25)
	at java.lang.reflect.Method.invoke(Method.java:597)
	at org.junit.runners.model.FrameworkMethod$1.runReflectiveCall(FrameworkMethod.java:44)
	at org.junit.internal.runners.model.ReflectiveCallable.run(ReflectiveCallable.java:15)
	at org.junit.runners.model.FrameworkMethod.invokeExplosively(FrameworkMethod.java:41)
	at org.junit.internal.runners.statements.InvokeMethod.evaluate(InvokeMethod.java:20)
	at org.junit.internal.runners.statements.RunBefores.evaluate(RunBefores.java:28)
	at play.test.PlayJUnitRunner$StartPlay$2$1.evaluate(PlayJUnitRunner.java:98)
	at org.junit.runners.BlockJUnit4ClassRunner.runChild(BlockJUnit4ClassRunner.java:76)
	at org.junit.runners.BlockJUnit4ClassRunner.runChild(BlockJUnit4ClassRunner.java:50)
	at org.junit.runners.ParentRunner$3.run(ParentRunner.java:193)
	at org.junit.runners.ParentRunner$1.schedule(ParentRunner.java:52)
	at org.junit.runners.ParentRunner.runChildren(ParentRunner.java:191)
	at org.junit.runners.ParentRunner.access$000(ParentRunner.java:42)
	at org.junit.runners.ParentRunner$2.evaluate(ParentRunner.java:184)
	at org.junit.runners.ParentRunner.run(ParentRunner.java:236)
	at play.test.PlayJUnitRunner.run(PlayJUnitRunner.java:48)
	at org.junit.runners.Suite.runChild(Suite.java:128)
	at org.junit.runners.Suite.runChild(Suite.java:24)
	at org.junit.runners.ParentRunner$3.run(ParentRunner.java:193)
	at org.junit.runners.ParentRunner$1.schedule(ParentRunner.java:52)
	at org.junit.runners.ParentRunner.runChildren(ParentRunner.java:191)
	at org.junit.runners.ParentRunner.access$000(ParentRunner.java:42)
	at org.junit.runners.ParentRunner$2.evaluate(ParentRunner.java:184)
	at org.junit.runners.ParentRunner.run(ParentRunner.java:236)
	at org.junit.runner.JUnitCore.run(JUnitCore.java:157)
	at org.junit.runner.JUnitCore.run(JUnitCore.java:136)
	at org.junit.runner.JUnitCore.run(JUnitCore.java:117)
	at play.test.TestEngine.run(TestEngine.java:101)
	at controllers.TestRunner.run(TestRunner.java:67)
	at sun.reflect.NativeMethodAccessorImpl.invoke0(Native Method)
	at sun.reflect.NativeMethodAccessorImpl.invoke(NativeMethodAccessorImpl.java:39)
	at sun.reflect.DelegatingMethodAccessorImpl.invoke(DelegatingMethodAccessorImpl.java:25)
	at java.lang.reflect.Method.invoke(Method.java:597)
	at play.mvc.ActionInvoker.invokeWithContinuation(ActionInvoker.java:546)
	at play.mvc.ActionInvoker.invoke(ActionInvoker.java:500)
	at play.mvc.ActionInvoker.invokeControllerMethod(ActionInvoker.java:476)
	at play.mvc.ActionInvoker.invokeControllerMethod(ActionInvoker.java:471)
	at play.mvc.ActionInvoker.invoke(ActionInvoker.java:159)
	at play.server.PlayHandler$NettyInvocation.execute(PlayHandler.java:220)
	at play.Invoker$Invocation.run(Invoker.java:265)
	at play.server.PlayHandler$NettyInvocation.run(PlayHandler.java:200)
	at java.util.concurrent.Executors$RunnableAdapter.call(Executors.java:441)
	at java.util.concurrent.FutureTask$Sync.innerRun(FutureTask.java:303)
	at java.util.concurrent.FutureTask.run(FutureTask.java:138)
	at java.util.concurrent.ScheduledThreadPoolExecutor$ScheduledFutureTask.access$301(ScheduledThreadPoolExecutor.java:98)
	at java.util.concurrent.ScheduledThreadPoolExecutor$ScheduledFutureTask.run(ScheduledThreadPoolExecutor.java:206)
	at java.util.concurrent.ThreadPoolExecutor$Worker.runTask(ThreadPoolExecutor.java:886)
	at java.util.concurrent.ThreadPoolExecutor$Worker.run(ThreadPoolExecutor.java:908)
	at java.lang.Thread.run(Thread.java:680)

          </system-err>  
        }
            </testcase>
  <testcase classname="UserTest" name="shouldNotGetPrivateEvent" time="0.003">
      </testcase>
  <testcase classname="UserTest" name="shouldGetPublicEvent" time="0.004">
                  <failure type="" message="Failure, ">
        <![CDATA[
          In /test/UserTest.java, line 68
          
              		assertTrue(eventsVisibleToSecondUser.contains(event)); :
          
        ]]>
        </failure>
        }
                  </testcase>
  <testcase classname="UserTest" name="shouldGetEventsOverMultipleDays" time="0.003">
                  <failure type="" message="Failure, ">
        <![CDATA[
          In /test/UserTest.java, line 79
          
              		assertTrue(eventsVisibleToSecondUser.contains(event)); :
          
        ]]>
        </failure>
        }
                  </testcase>
  <testcase classname="UserTest" name="shouldNotGetEventOnOtherDate" time="0.003">
      </testcase>
  <testcase classname="UserTest" name="shouldGetEventPartiallyMatchingDay" time="0.006">
                  <failure type="" message="Failure, ">
        <![CDATA[
          In /test/UserTest.java, line 106
          
              		assertTrue(eventsVisibleToSecondUser.contains(event)); :
          
        ]]>
        </failure>
        }
                  </testcase>
</testsuite>
